<?xml version="1.0" encoding="UTF-8"?>
<testsuite xmlns:xsi="http://www.w3.org/2001/XMLSchema-instance" xsi:noNamespaceSchemaLocation="https://maven.apache.org/surefire/maven-surefire-plugin/xsd/surefire-test-report.xsd" name="TestSuite" time="754.553" tests="26" errors="0" skipped="0" failures="4">
  <properties>
[...]
</properties>
  <testcase name="testSelectOption" classname="alltests.dropdown.DropdownTests" time="0.453"/>
  <testcase name="testWaitUntilHidden" classname="alltests.wait.WaitTests" time="6.13"/>
  <testcase name="testHoverUser1" classname="alltests.hover.HoverTests" time="0.71">
    <failure message="Caption not displayed expected [true] but found [false]" type="java.lang.AssertionError">java.lang.AssertionError: Caption not displayed expected [true] but found [false]
	at alltests.hover.HoverTests.testHoverUser1(HoverTests.java:14)
</failure>
    <system-err><![CDATA[Starting ChromeDriver 94.0.4606.61 (418b78f5838ed0b1c69bb4e51ea0252171854915-refs/branch-heads/4606@{#1204}) on port 31291
Only local connections are allowed.
Please see https://chromedriver.chromium.org/security-considerations for suggestions on keeping ChromeDriver safe.
ChromeDriver was started successfully.
Oct 12, 2021 10:53:17 PM org.openqa.selenium.remote.ProtocolHandshake createSession
INFO: Detected dialect: W3C
]]></system-err>
  </testcase>
  <testcase name="testNavigator" classname="alltests.navigation.NavigationTests" time="1.823"/>
  <testcase name="testSwitchTab" classname="alltests.navigation.NavigationTests" time="0.97"/>
  <testcase name="testWysiwyg" classname="alltests.frames.FrameTests" time="41.919"/>
  <testcase name="testFileUpload" classname="alltests.alerts.FileUploadTests" time="0.486">
    <failure message="invalid argument: File not found : /Users/angie/workspace/test_automation_u/webdriver_java/resources/chromedriver&#10;  (Session info: chrome=94.0.4606.81)&#10;Build info: version: &apos;3.141.59&apos;, revision: &apos;e82be7d358&apos;, time: &apos;2018-11-14T08:17:03&apos;&#10;System info: host: &apos;Bolofindes-MacBook-Pro.local&apos;, ip: &apos;2601:285:c100:e3d0:90bb:f00d:4542:2f74%en0&apos;, os.name: &apos;Mac OS X&apos;, os.arch: &apos;x86_64&apos;, os.version: &apos;11.5&apos;, java.version: &apos;16.0.1&apos;&#10;Driver info: org.openqa.selenium.chrome.ChromeDriver&#10;Capabilities {acceptInsecureCerts: false, browserName: chrome, browserVersion: 94.0.4606.81, chrome: {chromedriverVersion: 94.0.4606.61 (418b78f5838ed..., userDataDir: /var/folders/_t/8jmbmg3x60l...}, goog:chromeOptions: {debuggerAddress: localhost:52271}, javascriptEnabled: true, networkConnectionEnabled: false, pageLoadStrategy: normal, platform: MAC, platformName: MAC, proxy: Proxy(), setWindowRect: true, strictFileInteractability: false, timeouts: {implicit: 0, pageLoad: 300000, script: 30000}, unhandledPromptBehavior: dismiss and notify, webauthn:extension:credBlob: true, webauthn:extension:largeBlob: true, webauthn:virtualAuthenticators: true}&#10;Session ID: 2bb81a98617337aa32ad159a488b4229" type="org.openqa.selenium.InvalidArgumentException">org.openqa.selenium.InvalidArgumentException: 
invalid argument: File not found : /Users/angie/workspace/test_automation_u/webdriver_java/resources/chromedriver
  (Session info: chrome=94.0.4606.81)
Build info: version: '3.141.59', revision: 'e82be7d358', time: '2018-11-14T08:17:03'
System info: host: 'Bolofindes-MacBook-Pro.local', ip: '2601:285:c100:e3d0:90bb:f00d:4542:2f74%en0', os.name: 'Mac OS X', os.arch: 'x86_64', os.version: '11.5', java.version: '16.0.1'
Driver info: org.openqa.selenium.chrome.ChromeDriver
Capabilities {acceptInsecureCerts: false, browserName: chrome, browserVersion: 94.0.4606.81, chrome: {chromedriverVersion: 94.0.4606.61 (418b78f5838ed..., userDataDir: /var/folders/_t/8jmbmg3x60l...}, goog:chromeOptions: {debuggerAddress: localhost:52271}, javascriptEnabled: true, networkConnectionEnabled: false, pageLoadStrategy: normal, platform: MAC, platformName: MAC, proxy: Proxy(), setWindowRect: true, strictFileInteractability: false, timeouts: {implicit: 0, pageLoad: 300000, script: 30000}, unhandledPromptBehavior: dismiss and notify, webauthn:extension:credBlob: true, webauthn:extension:largeBlob: true, webauthn:virtualAuthenticators: true}
Session ID: 2bb81a98617337aa32ad159a488b4229
	at alltests.alerts.FileUploadTests.testFileUpload(FileUploadTests.java:13)
</failure>
    <system-err><![CDATA[Starting ChromeDriver 94.0.4606.61 (418b78f5838ed0b1c69bb4e51ea0252171854915-refs/branch-heads/4606@{#1204}) on port 12087
Only local connections are allowed.
Please see https://chromedriver.chromium.org/security-considerations for suggestions on keeping ChromeDriver safe.
ChromeDriver was started successfully.
Oct 12, 2021 10:54:16 PM org.openqa.selenium.remote.ProtocolHandshake createSession
INFO: Detected dialect: W3C
]]></system-err>
  </testcase>
  <testcase name="testAcceptAlert" classname="alltests.alerts.AlertTests" time="0.287">
    <failure message="Results text incorrect expected [You successfuly clicked an alert] but found [You successfully clicked an alert]" type="java.lang.AssertionError">java.lang.AssertionError: Results text incorrect expected [You successfuly clicked an alert] but found [You successfully clicked an alert]
	at alltests.alerts.AlertTests.testAcceptAlert(AlertTests.java:15)
</failure>
    <system-err><![CDATA[Starting ChromeDriver 94.0.4606.61 (418b78f5838ed0b1c69bb4e51ea0252171854915-refs/branch-heads/4606@{#1204}) on port 2298
Only local connections are allowed.
Please see https://chromedriver.chromium.org/security-considerations for suggestions on keeping ChromeDriver safe.
ChromeDriver was started successfully.
Oct 12, 2021 10:54:20 PM org.openqa.selenium.remote.ProtocolHandshake createSession
INFO: Detected dialect: W3C
]]></system-err>
  </testcase>
  <testcase name="testGetTextFromAlert" classname="alltests.alerts.AlertTests" time="0.256"/>
  <testcase name="testSetInputInAlert" classname="alltests.alerts.AlertTests" time="0.37"/>
  <testcase name="testFrameText" classname="alltests.exercises.chapter8.frames.FrameTests" time="0.898"/>
  <testcase name="testSlideToWholeNumber" classname="alltests.exercises.chapter6.slider.SliderTests" time="0.813"/>
  <testcase name="testRightClick" classname="alltests.exercises.chapter7.contextmenu.ContextMenuTests" time="0.813"/>
  <testcase name="testWaitUntilVisible" classname="alltests.exercises.chapter9.wait.WaitTests" time="5.902"/>
  <testcase name="testAddMultipleAttributeToDropdown" classname="alltests.exercises.chapter10.javascript.JavaScriptTests" time="0.421"/>
  <testcase name="testWindowTabs" classname="alltests.exercises.chapter11.windows.WindowTests" time="0.488"/>
  <testcase name="testRetrievePassword" classname="alltests.exercises.chapter4.passwords.ForgotPasswordTests" time="10.828">
    <failure message="no such element: Unable to locate element: {&quot;method&quot;:&quot;css selector&quot;,&quot;selector&quot;:&quot;#content&quot;}&#10;  (Session info: chrome=94.0.4606.81)&#10;For documentation on this error, please visit: https://www.seleniumhq.org/exceptions/no_such_element.html&#10;Build info: version: &apos;3.141.59&apos;, revision: &apos;e82be7d358&apos;, time: &apos;2018-11-14T08:17:03&apos;&#10;System info: host: &apos;Bolofindes-MacBook-Pro.local&apos;, ip: &apos;2601:285:c100:e3d0:90bb:f00d:4542:2f74%en0&apos;, os.name: &apos;Mac OS X&apos;, os.arch: &apos;x86_64&apos;, os.version: &apos;11.5&apos;, java.version: &apos;16.0.1&apos;&#10;Driver info: org.openqa.selenium.chrome.ChromeDriver&#10;Capabilities {acceptInsecureCerts: false, browserName: chrome, browserVersion: 94.0.4606.81, chrome: {chromedriverVersion: 94.0.4606.61 (418b78f5838ed..., userDataDir: /var/folders/_t/8jmbmg3x60l...}, goog:chromeOptions: {debuggerAddress: localhost:55119}, javascriptEnabled: true, networkConnectionEnabled: false, pageLoadStrategy: normal, platform: MAC, platformName: MAC, proxy: Proxy(), setWindowRect: true, strictFileInteractability: false, timeouts: {implicit: 0, pageLoad: 300000, script: 30000}, unhandledPromptBehavior: dismiss and notify, webauthn:extension:credBlob: true, webauthn:extension:largeBlob: true, webauthn:virtualAuthenticators: true}&#10;Session ID: 76a848a61991525f3cda50c041be6608&#10;*** Element info: {Using=id, value=content}" type="org.openqa.selenium.NoSuchElementException">org.openqa.selenium.NoSuchElementException: 
no such element: Unable to locate element: {"method":"css selector","selector":"#content"}
  (Session info: chrome=94.0.4606.81)
For documentation on this error, please visit: https://www.seleniumhq.org/exceptions/no_such_element.html
Build info: version: '3.141.59', revision: 'e82be7d358', time: '2018-11-14T08:17:03'
System info: host: 'Bolofindes-MacBook-Pro.local', ip: '2601:285:c100:e3d0:90bb:f00d:4542:2f74%en0', os.name: 'Mac OS X', os.arch: 'x86_64', os.version: '11.5', java.version: '16.0.1'
Driver info: org.openqa.selenium.chrome.ChromeDriver
Capabilities {acceptInsecureCerts: false, browserName: chrome, browserVersion: 94.0.4606.81, chrome: {chromedriverVersion: 94.0.4606.61 (418b78f5838ed..., userDataDir: /var/folders/_t/8jmbmg3x60l...}, goog:chromeOptions: {debuggerAddress: localhost:55119}, javascriptEnabled: true, networkConnectionEnabled: false, pageLoadStrategy: normal, platform: MAC, platformName: MAC, proxy: Proxy(), setWindowRect: true, strictFileInteractability: false, timeouts: {implicit: 0, pageLoad: 300000, script: 30000}, unhandledPromptBehavior: dismiss and notify, webauthn:extension:credBlob: true, webauthn:extension:largeBlob: true, webauthn:virtualAuthenticators: true}
Session ID: 76a848a61991525f3cda50c041be6608
*** Element info: {Using=id, value=content}
	at alltests.exercises.chapter4.passwords.ForgotPasswordTests.testRetrievePassword(ForgotPasswordTests.java:14)
</failure>
    <system-err><![CDATA[Starting ChromeDriver 94.0.4606.61 (418b78f5838ed0b1c69bb4e51ea0252171854915-refs/branch-heads/4606@{#1204}) on port 37945
Only local connections are allowed.
Please see https://chromedriver.chromium.org/security-considerations for suggestions on keeping ChromeDriver safe.
ChromeDriver was started successfully.
Oct 12, 2021 11:04:56 PM org.openqa.selenium.remote.ProtocolHandshake createSession
INFO: Detected dialect: W3C
]]></system-err>
  </testcase>
  <testcase name="testBackspace" classname="alltests.keys.KeysTests" time="0.396"/>
  <testcase name="testPi" classname="alltests.keys.KeysTests" time="0.243"/>
  <testcase name="testScrollToFifthParagraph" classname="alltests.javascript.JavaScriptTests" time="0.718"/>
  <testcase name="testScrollToTable" classname="alltests.javascript.JavaScriptTests" time="0.724"/>
  <testcase name="testSuccessfulLogin" classname="alltests.login.LoginTests" time="1.221"/>
  <testcase name="testUnsuccessfulLogin" classname="alltests.login.LoginTests" time="0.805"/>
  <testcase name="getAallArticles" classname="apitests.ArticleTests" time="1.882"/>
  <testcase name="login" classname="apitests.ArticleTests" time="2.974"/>
  <testcase name="testCreateArticle" classname="apitests.ArticleTests" time="0.838"/>
</testsuite>